This is LuaTeX, Version 1.0.4 (TeX Live 2017)  (format=lualatex 2017.5.23)  14 NOV 2018 14:18
 restricted system commands enabled.
**thesis.tex
(./thesis.tex
LaTeX2e <2017-04-15>
Lua module: luaotfload-main 2017/01/29 2.80001 OpenType layout system.
Lua module: lualibs 2017-02-01 2.5 ConTeXt Lua standard libraries.
Lua module: lualibs-extended 2017-02-01 2.5 ConTeXt Lua libraries -- extended co
llection.(using write cache: /Users/York/Library/texlive/2017/texmf-var/luatex-c
ache/generic)(using read cache: /usr/local/texlive/2017/texmf-var/luatex-cache/g
eneric /Users/York/Library/texlive/2017/texmf-var/luatex-cache/generic)
luaotfload | conf : Root cache directory is /Users/York/Library/texlive/2017/tex
mf-var/luatex-cache/generic/names.
luaotfload | init : Loading fontloader “fontloader-2017-02-11.lua” from kpse
-resolved path “/usr/local/texlive/2017/texmf-dist/tex/luatex/luaotfload/fontl
oader-2017-02-11.lua”.
Lua-only attribute luaotfload@state = 1
Lua-only attribute luaotfload@noligature = 2
Lua-only attribute luaotfload@syllabe = 3
luaotfload | init : Context OpenType loader version “3.027”
Inserting `luaotfload.node_processor' at position 1 in `pre_linebreak_filter'.
Inserting `luaotfload.node_processor' at position 1 in `hpack_filter'.
Inserting `luaotfload.define_font' at position 1 in `define_font'.
Lua-only attribute luaotfload_color_attribute = 4
luaotfload | conf : Root cache directory is /Users/York/Library/texlive/2017/tex
mf-var/luatex-cache/generic/names.
Inserting `luaotfload.aux.set_sscale_dimens' at position 1 in `luaotfload.patch_
font'.
Inserting `luaotfload.aux.patch_cambria_domh' at position 2 in `luaotfload.patch
_font'.
Inserting `luaotfload.aux.fixup_fontdata' at position 1 in `luaotfload.patch_fon
t_unsafe'.
Inserting `luaotfload.aux.set_capheight' at position 3 in `luaotfload.patch_font
'.
Inserting `luaotfload.rewrite_fontname' at position 4 in `luaotfload.patch_font'
.
luaotfload | main : initialization completed in 0.127 seconds
Babel <3.10> and hyphenation patterns for 1 language(s) loaded.
(/usr/local/texlive/2017/texmf-dist/tex/latex/base/report.cls
Document Class: report 2014/09/29 v1.4h Standard LaTeX document class
(/usr/local/texlive/2017/texmf-dist/tex/latex/base/size12.clo
File: size12.clo 2014/09/29 v1.4h Standard LaTeX file (size option)
luaotfload | db : Font names database loaded from /Users/York/Library/texlive/20
17/texmf-var/luatex-cache/generic/names/luaotfload-names.luc(load luc: /Users/Yo
rk/Library/texlive/2017/texmf-var/luatex-cache/generic/fonts/otl/lmroman12-regul
ar.luc))
\c@part=\count79
\c@chapter=\count80
\c@section=\count81
\c@subsection=\count82
\c@subsubsection=\count83
\c@paragraph=\count84
\c@subparagraph=\count85
\c@figure=\count86
\c@table=\count87
\abovecaptionskip=\skip41
\belowcaptionskip=\skip42
\bibindent=\dimen102
) (./rac.sty
 
Substyle `rac' for Rackham dissertation.
 
\c@map=\count88
) (./aas_macros.sty)
(/usr/local/texlive/2017/texmf-dist/tex/latex/amsmath/amsmath.sty
Package: amsmath 2016/11/05 v2.16a AMS math features
\@mathmargin=\skip43

For additional information on amsmath, use the `?' option.
(/usr/local/texlive/2017/texmf-dist/tex/latex/amsmath/amstext.sty
Package: amstext 2000/06/29 v2.01 AMS text

(/usr/local/texlive/2017/texmf-dist/tex/latex/amsmath/amsgen.sty
File: amsgen.sty 1999/11/30 v2.0 generic functions
\@emptytoks=\toks14
\ex@=\dimen103
))
(/usr/local/texlive/2017/texmf-dist/tex/latex/amsmath/amsbsy.sty
Package: amsbsy 1999/11/29 v1.2d Bold Symbols
\pmbraise@=\dimen104
)
(/usr/local/texlive/2017/texmf-dist/tex/latex/amsmath/amsopn.sty
Package: amsopn 2016/03/08 v2.02 operator names
)
\inf@bad=\count89
LaTeX Info: Redefining \frac on input line 213.
\uproot@=\count90
\leftroot@=\count91
LaTeX Info: Redefining \overline on input line 375.
\classnum@=\count92
\DOTSCASE@=\count93
LaTeX Info: Redefining \ldots on input line 472.
LaTeX Info: Redefining \dots on input line 475.
LaTeX Info: Redefining \cdots on input line 596.
\Mathstrutbox@=\box26
\strutbox@=\box27
\big@size=\dimen105
LaTeX Font Info:    Redeclaring font encoding OML on input line 712.
LaTeX Font Info:    Redeclaring font encoding OMS on input line 713.
\macc@depth=\count94
\c@MaxMatrixCols=\count95
\dotsspace@=\muskip10
\c@parentequation=\count96
\dspbrk@lvl=\count97
\tag@help=\toks15
\row@=\count98
\column@=\count99
\maxfields@=\count100
\andhelp@=\toks16
\eqnshift@=\dimen106
\alignsep@=\dimen107
\tagshift@=\dimen108
\tagwidth@=\dimen109
\totwidth@=\dimen110
\lineht@=\dimen111
\@envbody=\toks17
\multlinegap=\skip44
\multlinetaggap=\skip45
\mathdisplay@stack=\toks18
LaTeX Info: Redefining \[ on input line 2817.
LaTeX Info: Redefining \] on input line 2818.
)
(/usr/local/texlive/2017/texmf-dist/tex/latex/amsmath/amsxtra.sty
Package: amsxtra 1999/11/15 v1.2c AMS extra commands
LaTeX Info: Redefining \nobreakspace on input line 54.
)
(/usr/local/texlive/2017/texmf-dist/tex/latex/amscls/amsthm.sty
Package: amsthm 2015/03/04 v2.20.2
\thm@style=\toks19
\thm@bodyfont=\toks20
\thm@headfont=\toks21
\thm@notefont=\toks22
\thm@headpunct=\toks23
\thm@preskip=\skip46
\thm@postskip=\skip47
\thm@headsep=\skip48
\dth@everypar=\toks24
)
(/usr/local/texlive/2017/texmf-dist/tex/latex/amsfonts/amssymb.sty
Package: amssymb 2013/01/14 v3.01 AMS font symbols

(/usr/local/texlive/2017/texmf-dist/tex/latex/amsfonts/amsfonts.sty
Package: amsfonts 2013/01/14 v3.01 Basic AMSFonts support
\symAMSa=\mathgroup4
\symAMSb=\mathgroup5
LaTeX Font Info:    Overwriting math alphabet `\mathfrak' in version `bold'
(Font)                  U/euf/m/n --> U/euf/b/n on input line 106.
))
(/usr/local/texlive/2017/texmf-dist/tex/latex/graphics/graphicx.sty
Package: graphicx 2014/10/28 v1.0g Enhanced LaTeX Graphics (DPC,SPQR)

(/usr/local/texlive/2017/texmf-dist/tex/latex/graphics/keyval.sty
Package: keyval 2014/10/28 v1.15 key=value parser (DPC)
\KV@toks@=\toks25
)
(/usr/local/texlive/2017/texmf-dist/tex/latex/graphics/graphics.sty
Package: graphics 2017/04/14 v1.1b Standard LaTeX Graphics (DPC,SPQR)

(/usr/local/texlive/2017/texmf-dist/tex/latex/graphics/trig.sty
Package: trig 2016/01/03 v1.10 sin cos tan (DPC)
)
(/usr/local/texlive/2017/texmf-dist/tex/latex/graphics-cfg/graphics.cfg
File: graphics.cfg 2016/06/04 v1.11 sample graphics configuration
)
Package graphics Info: Driver file: luatex.def on input line 99.

(/usr/local/texlive/2017/texmf-dist/tex/latex/graphics-def/luatex.def
File: luatex.def 2017/01/12 v0.01h Graphics/Color for luaTeX

(/usr/local/texlive/2017/texmf-dist/tex/generic/oberdiek/infwarerr.sty
Package: infwarerr 2016/05/16 v1.4 Providing info/warning/error messages (HO)
)
(/usr/local/texlive/2017/texmf-dist/tex/generic/oberdiek/ltxcmds.sty
Package: ltxcmds 2016/05/16 v1.23 LaTeX kernel commands for general use (HO)
)
\Gread@gobject=\count101
))
\Gin@req@height=\dimen112
\Gin@req@width=\dimen113
)
(/usr/local/texlive/2017/texmf-dist/tex/latex/graphics/rotating.sty
Package: rotating 2016/08/11 v2.16d rotated objects in LaTeX

(/usr/local/texlive/2017/texmf-dist/tex/latex/base/ifthen.sty
Package: ifthen 2014/09/29 v1.1c Standard LaTeX ifthen package (DPC)
)
\c@r@tfl@t=\count102
\rotFPtop=\skip49
\rotFPbot=\skip50
\rot@float@box=\box28
\rot@mess@toks=\toks26
)
(/usr/local/texlive/2017/texmf-dist/tex/latex/graphics/color.sty
Package: color 2016/07/10 v1.1e Standard LaTeX Color (DPC)

(/usr/local/texlive/2017/texmf-dist/tex/latex/graphics-cfg/color.cfg
File: color.cfg 2016/01/02 v1.6 sample color configuration
)
Package color Info: Driver file: luatex.def on input line 147.
)
(/usr/local/texlive/2017/texmf-dist/tex/latex/graphics/epsfig.sty
Package: epsfig 1999/02/16 v1.7a (e)psfig emulation (SPQR)
\epsfxsize=\dimen114
\epsfysize=\dimen115
)
(/usr/local/texlive/2017/texmf-dist/tex/latex/caption/subcaption.sty
Package: subcaption 2016/05/22 v1.1-161 Sub-captions (AR)

(/usr/local/texlive/2017/texmf-dist/tex/latex/caption/caption.sty
Package: caption 2016/02/21 v3.3-144 Customizing captions (AR)

(/usr/local/texlive/2017/texmf-dist/tex/latex/caption/caption3.sty
Package: caption3 2016/05/22 v1.7-166 caption3 kernel (AR)
Package caption3 Info: TeX engine: e-TeX on input line 67.
\captionmargin=\dimen116
\captionmargin@=\dimen117
\captionwidth=\dimen118
\caption@tempdima=\dimen119
\caption@indent=\dimen120
\caption@parindent=\dimen121
\caption@hangindent=\dimen122
Package caption Info: Unknown document class (or package),
(caption)             standard defaults will be used.
)

Package caption Warning: Unsupported document class (or package) detected,
(caption)                usage of the caption package is not recommended.
See the caption package documentation for explanation.

Package caption Info: \@makecaption = \long macro:#1#2-> \vskip 10pt \setbox \@t
empboxa \hbox {#1: #2} \ifdim \wd \@tempboxa >\hsize \setbox \@tempboxa \hbox {#
1: } \def \@tempdimj {\hsize } \advance \@tempdimj -\wd \@tempboxa \hbox to\hsiz
e {#1: \parbox [t]{\@tempdimj }{#2}} \else \hbox to\hsize {\hfill \box \@tempbox
a \hfill } \fi .
\c@ContinuedFloat=\count103
Package caption Info: rotating package is loaded.
)
\c@subfigure=\count104
\c@subtable=\count105
) (/usr/local/texlive/2017/texmf-dist/tex/latex/tools/verbatim.sty
Package: verbatim 2014/10/28 v1.5q LaTeX2e package for verbatim enhancements
\every@verbatim=\toks27
\verbatim@line=\toks28
\verbatim@in@stream=\read1
)
(/usr/local/texlive/2017/texmf-dist/tex/latex/natbib/natbib.sty
Package: natbib 2010/09/13 8.31b (PWD, AO)
\bibhang=\skip51
\bibsep=\skip52
LaTeX Info: Redefining \cite on input line 694.
\c@NAT@ctr=\count106
)
(/usr/local/texlive/2017/texmf-dist/tex/latex/acronym/acronym.sty
Package: acronym 2015/03/21 v1.41 Support for acronyms (Tobias Oetiker)

(/usr/local/texlive/2017/texmf-dist/tex/latex/bigfoot/suffix.sty
Package: suffix 2006/07/15 1.5a Variant command support
)
(/usr/local/texlive/2017/texmf-dist/tex/generic/xstring/xstring.sty
(/usr/local/texlive/2017/texmf-dist/tex/generic/xstring/xstring.tex
\@xs@message=\write3
\integerpart=\count107
\decimalpart=\count108
)
Package: xstring 2013/10/13  v1.7c  String manipulations (C Tellechea)
)
\AC@clearlist=\toks29
)
(/usr/local/texlive/2017/texmf-dist/tex/latex/setspace/setspace.sty
Package: setspace 2011/12/19 v6.7a set line spacing
)
\c@theorem=\count109

(./thesis.aux)
\openout1 = thesis.aux

LaTeX Font Info:    Checking defaults for OML/cmm/m/it on input line 84.
LaTeX Font Info:    ... okay on input line 84.
LaTeX Font Info:    Checking defaults for T1/cmr/m/n on input line 84.
LaTeX Font Info:    ... okay on input line 84.
LaTeX Font Info:    Checking defaults for OT1/cmr/m/n on input line 84.
LaTeX Font Info:    ... okay on input line 84.
LaTeX Font Info:    Checking defaults for OMS/cmsy/m/n on input line 84.
LaTeX Font Info:    ... okay on input line 84.
LaTeX Font Info:    Checking defaults for TU/lmr/m/n on input line 84.
LaTeX Font Info:    ... okay on input line 84.
LaTeX Font Info:    Checking defaults for OMX/cmex/m/n on input line 84.
LaTeX Font Info:    ... okay on input line 84.
LaTeX Font Info:    Checking defaults for U/cmr/m/n on input line 84.
LaTeX Font Info:    ... okay on input line 84.

(/usr/local/texlive/2017/texmf-dist/tex/context/base/mkii/supp-pdf.mkii
[Loading MPS to PDF converter (version 2006.09.02).]
\scratchcounter=\count110
\scratchdimen=\dimen123
\scratchbox=\box29
\nofMPsegments=\count111
\nofMParguments=\count112
\everyMPshowfont=\toks30
\MPscratchCnt=\count113
\MPscratchDim=\dimen124
\MPnumerator=\count114
\makeMPintoPDFobject=\count115
\everyMPtoPDFconversion=\toks31
) (/usr/local/texlive/2017/texmf-dist/tex/latex/oberdiek/epstopdf-base.sty
Package: epstopdf-base 2016/05/15 v2.6 Base part for package epstopdf

(/usr/local/texlive/2017/texmf-dist/tex/latex/oberdiek/grfext.sty
Package: grfext 2016/05/16 v1.2 Manage graphics extensions (HO)

(/usr/local/texlive/2017/texmf-dist/tex/generic/oberdiek/kvdefinekeys.sty
Package: kvdefinekeys 2016/05/16 v1.4 Define keys (HO)
))
(/usr/local/texlive/2017/texmf-dist/tex/latex/oberdiek/kvoptions.sty
Package: kvoptions 2016/05/16 v3.12 Key value format for package options (HO)

(/usr/local/texlive/2017/texmf-dist/tex/generic/oberdiek/kvsetkeys.sty
Package: kvsetkeys 2016/05/16 v1.17 Key value parser (HO)

(/usr/local/texlive/2017/texmf-dist/tex/generic/oberdiek/etexcmds.sty
Package: etexcmds 2016/05/16 v1.6 Avoid name clashes with e-TeX commands (HO)

(/usr/local/texlive/2017/texmf-dist/tex/generic/oberdiek/ifluatex.sty
Package: ifluatex 2016/05/16 v1.4 Provides the ifluatex switch (HO)
Package ifluatex Info: LuaTeX detected.
))))
(/usr/local/texlive/2017/texmf-dist/tex/generic/oberdiek/pdftexcmds.sty
Package: pdftexcmds 2017/03/19 v0.25 Utility functions of pdfTeX for LuaTeX (HO)


(/usr/local/texlive/2017/texmf-dist/tex/generic/oberdiek/ifpdf.sty
Package: ifpdf 2017/03/15 v3.2 Provides the ifpdf switch
)
Package pdftexcmds Info: \pdf@primitive is available.
Package pdftexcmds Info: \pdf@ifprimitive is available.
Package pdftexcmds Info: \pdfdraftmode found.
\pdftexcmds@toks=\toks32
)
Package epstopdf-base Info: Redefining graphics rule for `.eps' on input line 43
8.
Package grfext Info: Graphics extension search list:
(grfext)             [.png,.pdf,.jpg,.mps,.jpeg,.jbig2,.jb2,.PNG,.PDF,.JPG,.JPEG
,.JBIG2,.JB2,.eps]
(grfext)             \AppendGraphicsExtensions on input line 456.

(/usr/local/texlive/2017/texmf-dist/tex/latex/latexconfig/epstopdf-sys.cfg
File: epstopdf-sys.cfg 2010/07/13 v1.3 Configuration of (r)epstopdf for TeX Live

))
Package caption Info: Begin \AtBeginDocument code.
Package caption Info: Incompatible package detected (regarding \@caption).
(caption)             \@caption = \long macro:#1[#2]#3->\addtocontents {\csname 
ext@#1\endcsname }{\hbox { }} \addcontentsline {\csname ext@#1\endcsname }{#1}{\
protect \numberline {\csname the#1\endcsname }{\ignorespaces \protect \small \pr
otect \normalsize \rm #2}} \par \begingroup \@parboxrestore \@makecaption {\csna
me fnum@#1\endcsname }{\ignorespaces \protect \small \normalsize \rm #3} \par \e
ndgroup .


Package caption Warning: Forced redefinition of \caption since the
(caption)                unsupported(!) package option `compatibility=false'
(caption)                was given.
See the caption package documentation for explanation.

Package caption Info: End \AtBeginDocument code.
(load luc: /Users/York/Library/texlive/2017/texmf-var/luatex-cache/generic/fonts
/otl/lmroman17-regular.luc)(load luc: /Users/York/Library/texlive/2017/texmf-var
/luatex-cache/generic/fonts/otl/lmroman12-bold.luc)
Underfull \hbox (badness 10000) in paragraph at lines 91--91

 []

LaTeX Font Info:    Try loading font information for U+msa on input line 91.
(/usr/local/texlive/2017/texmf-dist/tex/latex/amsfonts/umsa.fd
File: umsa.fd 2013/01/14 v3.01 AMS symbols A
)
LaTeX Font Info:    Try loading font information for U+msb on input line 91.

(/usr/local/texlive/2017/texmf-dist/tex/latex/amsfonts/umsb.fd
File: umsb.fd 2013/01/14 v3.01 AMS symbols B
) [1

{/usr/local/texlive/2017/texmf-var/fonts/map/pdftex/updmap/pdftex.map}] (./thes
is.toc)
\tf@toc=\write4

\openout4 = thesis.toc

[2] (./thesis.lof
Underfull \hbox (badness 10000) in paragraph at lines 1--2

 []

(load luc: /Users/York/Library/texlive/2017/texmf-var/luatex-cache/generic/fonts
/otl/lmroman10-regular.luc))
\tf@lof=\write5

\openout5 = thesis.lof
 [3] (./Abstract.tex) [4]
CHAPTER I.
(./Intro.tex(load luc: /Users/York/Library/texlive/2017/texmf-var/luatex-cache/g
eneric/fonts/otl/lmroman12-italic.luc) [1



] [2]) [3]
CHAPTER II.
(./chap2.tex <pic/SQLite.pdf, id=29, 221.18956pt x 156.80281pt>
File: pic/SQLite.pdf Graphic file (type pdf)

<use pic/SQLite.pdf>
Package luatex.def Info: pic/SQLite.pdf used on input line 7.
(luatex.def)             Requested size: 216.81pt x 153.6968pt.
 [4

<./pic/SQLite.pdf>](load luc: /Users/York/Library/texlive/2017/texmf-var/luatex-
cache/generic/fonts/otl/lmmono12-regular.luc)
<pic/LSM-TREE.pdf, id=58, 230.38742pt x 100.73946pt>
File: pic/LSM-TREE.pdf Graphic file (type pdf)
 <use pic/LSM-TREE.pdf>
Package luatex.def Info: pic/LSM-TREE.pdf used on input line 22.
(luatex.def)             Requested size: 216.81pt x 94.8073pt.

warning  (file Ext/workload1.pdf) (pdf inclusion): PDF inclusion: found PDF vers
ion '1.6', but at most version '1.5' allowed
<Ext/workload1.pdf, id=59, 659.77914pt x 476.98329pt>
File: Ext/workload1.pdf Graphic file (type pdf)
 <use Ext/workload1.pdf>
Package luatex.def Info: Ext/workload1.pdf used on input line 35.
(luatex.def)             Requested size: 164.77254pt x 119.1218pt.

warning  (file Ext/workload2.pdf) (pdf inclusion): PDF inclusion: found PDF vers
ion '1.6', but at most version '1.5' allowed
<Ext/workload2.pdf, id=60, 655.01837pt x 481.74309pt>
File: Ext/workload2.pdf Graphic file (type pdf)
 <use Ext/workload2.pdf>
Package luatex.def Info: Ext/workload2.pdf used on input line 44.
(luatex.def)             Requested size: 164.77254pt x 121.1779pt.

[5<./pic/LSM-TREE.pdf>] [6<./Ext/workload1.pdf><./Ext/workload2.pdf>]) [7]
CHAPTER III.
(./Methodology.tex
Overfull \hbox (10.43304pt too wide) in paragraph at lines 1--2
[]\TU/lmr/m/n/12 In this sec-tion, we present SQLiteKV and its de-tailed de-sig
n ar-chi-tec-ture. SQLiteKV
 []

<pic/SQLiteKV.pdf, id=121, 164.41374pt x 97.39989pt>
File: pic/SQLiteKV.pdf Graphic file (type pdf)
 <use pic/SQLiteKV.pdf>
Package luatex.def Info: pic/SQLiteKV.pdf used on input line 6.
(luatex.def)             Requested size: 173.44534pt x 102.75441pt.

[8

<./pic/SQLiteKV.pdf>] <pic/SQLite2KV.png, id=130, 582.175pt x 378.41376pt>
File: pic/SQLite2KV.png Graphic file (type png)

<use pic/SQLite2KV.png>
Package luatex.def Info: pic/SQLite2KV.png used on input line 19.
(luatex.def)             Requested size: 151.76964pt x 98.64508pt.
 [9<./pic/SQLite2KV.png>]
<pic/Cache-eg.pdf, id=135, 880.28876pt x 280.04625pt>
File: pic/Cache-eg.pdf Graphic file (type pdf)
 <use pic/Cache-eg.pdf>
Package luatex.def Info: pic/Cache-eg.pdf used on input line 31.
(luatex.def)             Requested size: 260.17464pt x 82.76675pt.

<pic/KVCache.pdf, id=136, 440.64626pt x 391.4625pt>
File: pic/KVCache.pdf Graphic file (type pdf)
 <use pic/KVCache.pdf>
Package luatex.def Info: pic/KVCache.pdf used on input line 38.
(luatex.def)             Requested size: 151.76964pt x 134.82771pt.

<pic/SQLiteKVCache.pdf, id=137, 477.785pt x 426.59375pt>
File: pic/SQLiteKVCache.pdf Graphic file (type pdf)

<use pic/SQLiteKVCache.pdf>
Package luatex.def Info: pic/SQLiteKVCache.pdf used on input line 43.
(luatex.def)             Requested size: 151.76964pt x 135.50385pt.

<pic/SQLiteKVCache2.pdf, id=138, 782.925pt x 242.9075pt>
File: pic/SQLiteKVCache2.pdf Graphic file (type pdf)

<use pic/SQLiteKVCache2.pdf>
Package luatex.def Info: pic/SQLiteKVCache2.pdf used on input line 53.
(luatex.def)             Requested size: 130.08731pt x 40.3597pt.
 [10<./pic/Cache-eg.pdf><./pic/KVCache.pdf><./pic/SQLiteKVCache.pdf>] <pic/Back
-Index.png, id=176, 624.3325pt x 419.5675pt>
File: pic/Back-Index.png Graphic file (type png)

<use pic/Back-Index.png>
Package luatex.def Info: pic/Back-Index.png used on input line 66.
(luatex.def)             Requested size: 151.76964pt x 101.99147pt.
 [11<./pic/SQLiteKVCache2.pdf>]
<pic/Back-Disk.pdf, id=191, 829.0975pt x 483.8075pt>
File: pic/Back-Disk.pdf Graphic file (type pdf)
 <use pic/Back-Disk.pdf>
Package luatex.def Info: pic/Back-Disk.pdf used on input line 76.
(luatex.def)             Requested size: 138.76157pt x 80.96904pt.
)
[12<./pic/Back-Index.png><./pic/Back-Disk.pdf>]
CHAPTER IV.
(./Results.tex [13

]
Underfull \hbox (badness 10000) in paragraph at lines 23--23
[]\TU/lmr/m/n/12 Up-date
 []

File: Ext/workload1.pdf Graphic file (type pdf)
<use Ext/workload1.pdf>
Package luatex.def Info: Ext/workload1.pdf used on input line 41.
(luatex.def)             Requested size: 156.09512pt x 99.57991pt.
File: Ext/workload2.pdf Graphic file (type pdf)
 <use Ext/workload2.pdf>
Package luatex.def Info: Ext/workload2.pdf used on input line 49.
(luatex.def)             Requested size: 156.09819pt x 99.58125pt.

warning  (file Ext/workload3.pdf) (pdf inclusion): PDF inclusion: found PDF vers
ion '1.6', but at most version '1.5' allowed
<Ext/workload3.pdf, id=210, 657.8745pt x 483.64769pt>
File: Ext/workload3.pdf Graphic file (type pdf)
 <use Ext/workload3.pdf>
Package luatex.def Info: Ext/workload3.pdf used on input line 60.
(luatex.def)             Requested size: 156.09624pt x 99.58382pt.

warning  (file Ext/workload4.pdf) (pdf inclusion): PDF inclusion: found PDF vers
ion '1.6', but at most version '1.5' allowed
<Ext/workload4.pdf, id=211, 654.06682pt x 480.79105pt>
File: Ext/workload4.pdf Graphic file (type pdf)
 <use Ext/workload4.pdf>
Package luatex.def Info: Ext/workload4.pdf used on input line 68.
(luatex.def)             Requested size: 156.09099pt x 99.58253pt.

[14] [15<./Ext/workload3.pdf><./Ext/workload4.pdf>]
Overfull \hbox (7.28503pt too wide) in paragraph at lines 81--82
\TU/lmr/m/n/12 with 128-byte KV items as an ex-am-ple. For the Up-date Heavy wo
rk-load, for SQLiteKV,
 []

[16]
warning  (file Ext/R-Write.pdf) (pdf inclusion): PDF inclusion: found PDF versio
n '1.6', but at most version '1.5' allowed
<Ext/R-Write.pdf, id=245, 657.8745pt x 479.8395pt>
File: Ext/R-Write.pdf Graphic file (type pdf)
 <use Ext/R-Write.pdf>
Package luatex.def Info: Ext/R-Write.pdf used on input line 98.
(luatex.def)             Requested size: 156.09624pt x 99.58313pt.

warning  (file Ext/S-Write.pdf) (pdf inclusion): PDF inclusion: found PDF versio
n '1.6', but at most version '1.5' allowed
<Ext/S-Write.pdf, id=246, 662.63533pt x 475.07869pt>
File: Ext/S-Write.pdf Graphic file (type pdf)
 <use Ext/S-Write.pdf>
Package luatex.def Info: Ext/S-Write.pdf used on input line 104.
(luatex.def)             Requested size: 156.09343pt x 99.58098pt.

<pic/R-read.pdf, id=247, 655.01886pt x 471.27046pt>
File: pic/R-read.pdf Graphic file (type pdf)
 <use pic/R-read.pdf>
Package luatex.def Info: pic/R-read.pdf used on input line 114.
(luatex.def)             Requested size: 156.09831pt x 99.58095pt.

<pic/S-read.pdf, id=248, 661.68323pt x 472.22253pt>
File: pic/S-read.pdf Graphic file (type pdf)
 <use pic/S-read.pdf>
Package luatex.def Info: pic/S-read.pdf used on input line 120.
(luatex.def)             Requested size: 156.10136pt x 99.58037pt.
)
[17<./Ext/R-Write.pdf><./Ext/S-Write.pdf><./pic/R-read.pdf><./pic/S-read.pdf>]
CHAPTER V.
(./Conclusion.tex) [18

] (./thesis.bbl [19

]) [20

] (./thesis.aux))

Here is how much of LuaTeX's memory you used:
 5384 strings out of 494481
 100000,154059 words of node,token memory allocated
 454 words of node memory still in use:
   5 hlist, 2 vlist, 2 rule, 2 glue, 1 kern, 6 attribute, 53 glue_spec, 6 attrib
ute_list, 1 write nodes
   avail lists: 2:413,3:143,4:53,5:176,6:2334,7:733,8:77,9:193,10:23,11:207
 9058 multiletter control sequences out of 65536+600000
 43 fonts using 3151311 bytes
 42i,11n,40p,929b,507s stack positions out of 5000i,500n,10000p,200000b,100000s
</usr/local/texlive/2017/texmf-dist/fonts/opentype/public/lm/lmmono12-regular.ot
f></usr/local/texlive/2017/texmf-dist/fonts/opentype/public/lm/lmroman12-italic.
otf></usr/local/texlive/2017/texmf-dist/fonts/opentype/public/lm/lmroman10-regul
ar.otf></usr/local/texlive/2017/texmf-dist/fonts/opentype/public/lm/lmroman12-re
gular.otf></usr/local/texlive/2017/texmf-dist/fonts/opentype/public/lm/lmroman12
-bold.otf></usr/local/texlive/2017/texmf-dist/fonts/type1/public/amsfonts/cm/cmm
i12.pfb>
Output written on thesis.pdf (24 pages, 1025668 bytes).

PDF statistics: 363 PDF objects out of 1000 (max. 8388607)
 269 compressed objects within 3 object streams
 0 named destinations out of 1000 (max. 131072)
 1 words of extra memory for PDF output out of 10000 (max. 100000000)

